2025-10-30 07:36:42 - yearbook_downloader - INFO - ======================================================================
2025-10-30 07:36:42 - yearbook_downloader - INFO - Immigration Yearbook File Downloader
2025-10-30 07:36:42 - yearbook_downloader - INFO - ======================================================================
2025-10-30 07:36:42 - yearbook_downloader - INFO - Start Year: 2022
2025-10-30 07:36:42 - yearbook_downloader - INFO - End Year: 2024
2025-10-30 07:36:42 - yearbook_downloader - INFO - Output Folder: yearbook_downloads
2025-10-30 07:36:42 - yearbook_downloader - INFO - File Types: .xlsx, .pdf, .zip, .xls
2025-10-30 07:36:42 - yearbook_downloader - INFO - Max Retries: 3
2025-10-30 07:36:42 - yearbook_downloader - INFO - Request Delay: 1s
2025-10-30 07:36:42 - yearbook_downloader - INFO - ======================================================================
2025-10-30 07:36:42 - yearbook_downloader - INFO - Fetching yearbook information from https://ohss.dhs.gov/topics/immigration/yearbook
2025-10-30 07:36:43 - yearbook_downloader - INFO - Found 3 yearbook(s) in range 2022-2024
2025-10-30 07:36:43 - yearbook_downloader - INFO - Found 3 yearbook(s) to process
2025-10-30 07:36:43 - yearbook_downloader - INFO - Processing Yearbook 2024
2025-10-30 07:36:44 - yearbook_downloader - INFO - Yearbook 2024: Found 1 file(s)
2025-10-30 07:36:45 - yearbook_downloader - INFO -   Downloaded: 2025_0812_ohss_yearbook_refugees_fy2024.xlsx
2025-10-30 07:36:45 - yearbook_downloader - INFO - Yearbook 2024: Downloaded 1, Skipped 0, Failed 0
2025-10-30 07:36:46 - yearbook_downloader - INFO - Processing Yearbook 2023
2025-10-30 07:36:47 - yearbook_downloader - INFO - Yearbook 2023: Found 6 file(s)
2025-10-30 07:36:49 - yearbook_downloader - INFO -   Downloaded: 2024_0906_ohss_yearbook_lawful_permanent_residents_fy2023_0.xlsx
2025-10-30 07:36:50 - yearbook_downloader - INFO -   Downloaded: 2024_1108_ohss_yearbook_refugees_fy2023.xlsx
2025-10-30 07:36:51 - yearbook_downloader - INFO -   Downloaded: 2024_1002_ohss_yearbook_asylees_fy2023.xlsx
2025-10-30 07:36:52 - yearbook_downloader - INFO -   Downloaded: 2025_0725_plcy_yearbook_naturalizations_fy2023.xlsx
2025-10-30 07:36:54 - yearbook_downloader - INFO -   Downloaded: 2024_0906_ohss_yearbook_nonimmigrants_fy2023_0.xlsx
2025-10-30 07:36:55 - yearbook_downloader - INFO -   Downloaded: 2025_0828_ohss_tables8-11newadj_fy2023.xlsx
2025-10-30 07:36:55 - yearbook_downloader - INFO - Yearbook 2023: Downloaded 6, Skipped 0, Failed 0
2025-10-30 07:36:56 - yearbook_downloader - INFO - Processing Yearbook 2022
2025-10-30 07:36:57 - yearbook_downloader - INFO - Yearbook 2022: Found 7 file(s)
2025-10-30 07:36:59 - yearbook_downloader - INFO -   Downloaded: 2023_0818_plcy_yearbook_immigration_statistics_fy2022.pdf
2025-10-30 07:37:00 - yearbook_downloader - INFO -   Downloaded: 2023_0818_plcy_yearbook_lawful_permanent_residents_fy2022_0.xlsx
2025-10-30 07:37:01 - yearbook_downloader - INFO -   Downloaded: plcy_tables8-11newadj_fy2022_d.xlsx
2025-10-30 07:37:01 - yearbook_downloader - INFO -   Downloaded: 2023_0818_plcy_yearbook_refugees_and_asylees_fy2022_0.xlsx
2025-10-30 07:37:02 - yearbook_downloader - INFO -   Downloaded: 2023_0818_plcy_yearbook_naturalizations_fy2022.xlsx_0_0.xlsx
2025-10-30 07:37:04 - yearbook_downloader - INFO -   Downloaded: 2023_0818_plcy_yearbook_nonimmigrants_fy2022_0.xlsx
2025-10-30 07:37:05 - yearbook_downloader - INFO -   Downloaded: 2023_0818_plcy_yearbook_enforcement_fy2022_0.xlsx
2025-10-30 07:37:05 - yearbook_downloader - INFO - Yearbook 2022: Downloaded 7, Skipped 0, Failed 0
2025-10-30 07:37:06 - yearbook_downloader - INFO - Download Summary: Total downloaded 14, Skipped 0, Failed 0
2025-10-30 07:37:06 - yearbook_downloader - INFO - Manifest saved to yearbook_downloads/download_manifest.json
2025-10-30 07:37:06 - yearbook_downloader - INFO - ======================================================================
2025-10-30 07:37:06 - yearbook_downloader - INFO - ✓ Download completed successfully!
2025-10-30 07:37:06 - yearbook_downloader - INFO - ======================================================================
