2025-10-30 00:28:19 - yearbook_downloader - INFO - ======================================================================
2025-10-30 00:28:19 - yearbook_downloader - INFO - Immigration Yearbook File Downloader
2025-10-30 00:28:19 - yearbook_downloader - INFO - ======================================================================
2025-10-30 00:28:19 - yearbook_downloader - INFO - Start Year: Earliest (1996)
2025-10-30 00:28:19 - yearbook_downloader - INFO - End Year: 2024
2025-10-30 00:28:19 - yearbook_downloader - INFO - Output Folder: yearbook_downloads
2025-10-30 00:28:19 - yearbook_downloader - INFO - File Types: .xls, .zip, .xlsx, .pdf
2025-10-30 00:28:19 - yearbook_downloader - INFO - Max Retries: 3
2025-10-30 00:28:19 - yearbook_downloader - INFO - Request Delay: 1s
2025-10-30 00:28:19 - yearbook_downloader - INFO - ======================================================================
2025-10-30 00:28:19 - yearbook_downloader - INFO - Fetching yearbook information from https://ohss.dhs.gov/topics/immigration/yearbook
2025-10-30 00:28:21 - yearbook_downloader - INFO - Found 26 yearbook(s) in range 1996-2024
2025-10-30 00:28:21 - yearbook_downloader - INFO - Found 26 yearbook(s) to process
2025-10-30 00:28:21 - yearbook_downloader - INFO - Processing Yearbook 2024
2025-10-30 00:28:22 - yearbook_downloader - INFO - Yearbook 2024: Found 1 file(s)
2025-10-30 00:28:24 - yearbook_downloader - INFO -   Downloaded: 2025_0812_ohss_yearbook_refugees_fy2024.xlsx
2025-10-30 00:28:24 - yearbook_downloader - INFO - Yearbook 2024: Downloaded 1, Skipped 0, Failed 0
2025-10-30 00:28:25 - yearbook_downloader - INFO - Processing Yearbook 2023
2025-10-30 00:28:26 - yearbook_downloader - INFO - Yearbook 2023: Found 6 file(s)
2025-10-30 00:28:28 - yearbook_downloader - INFO -   Downloaded: 2024_0906_ohss_yearbook_lawful_permanent_residents_fy2023_0.xlsx
2025-10-30 00:28:29 - yearbook_downloader - INFO -   Downloaded: 2024_1108_ohss_yearbook_refugees_fy2023.xlsx
2025-10-30 00:28:31 - yearbook_downloader - INFO -   Downloaded: 2024_1002_ohss_yearbook_asylees_fy2023.xlsx
2025-10-30 00:28:32 - yearbook_downloader - INFO -   Downloaded: 2025_0725_plcy_yearbook_naturalizations_fy2023.xlsx
2025-10-30 00:28:34 - yearbook_downloader - INFO -   Downloaded: 2024_0906_ohss_yearbook_nonimmigrants_fy2023_0.xlsx
2025-10-30 00:28:35 - yearbook_downloader - INFO -   Downloaded: 2025_0828_ohss_tables8-11newadj_fy2023.xlsx
2025-10-30 00:28:35 - yearbook_downloader - INFO - Yearbook 2023: Downloaded 6, Skipped 0, Failed 0
2025-10-30 00:28:36 - yearbook_downloader - INFO - Processing Yearbook 2022
2025-10-30 00:28:38 - yearbook_downloader - INFO - Yearbook 2022: Found 7 file(s)
2025-10-30 00:28:39 - yearbook_downloader - INFO -   Downloaded: 2023_0818_plcy_yearbook_immigration_statistics_fy2022.pdf
2025-10-30 00:28:41 - yearbook_downloader - INFO -   Downloaded: 2023_0818_plcy_yearbook_lawful_permanent_residents_fy2022_0.xlsx
2025-10-30 00:28:42 - yearbook_downloader - INFO -   Downloaded: plcy_tables8-11newadj_fy2022_d.xlsx
2025-10-30 00:28:44 - yearbook_downloader - INFO -   Downloaded: 2023_0818_plcy_yearbook_refugees_and_asylees_fy2022_0.xlsx
2025-10-30 00:28:45 - yearbook_downloader - INFO -   Downloaded: 2023_0818_plcy_yearbook_naturalizations_fy2022.xlsx_0_0.xlsx
2025-10-30 00:28:47 - yearbook_downloader - INFO -   Downloaded: 2023_0818_plcy_yearbook_nonimmigrants_fy2022_0.xlsx
2025-10-30 00:28:48 - yearbook_downloader - INFO -   Downloaded: 2023_0818_plcy_yearbook_enforcement_fy2022_0.xlsx
2025-10-30 00:28:48 - yearbook_downloader - INFO - Yearbook 2022: Downloaded 7, Skipped 0, Failed 0
2025-10-30 00:28:49 - yearbook_downloader - INFO - Processing Yearbook 2021
2025-10-30 00:28:51 - yearbook_downloader - INFO - Yearbook 2021: Found 10 file(s)
2025-10-30 00:28:52 - yearbook_downloader - INFO -   Downloaded: 2022_1114_plcy_yearbook_immigration_statistics_fy2021_v2_1_1.pdf
2025-10-30 00:28:54 - yearbook_downloader - INFO -   Downloaded: 2022_0405_plcy_lawful_permanent_residents_fy2021_excel_1.zip
2025-10-30 00:28:55 - yearbook_downloader - INFO -   Downloaded: 2022_0405_plcy_lawful_permanent_residents_fy2021_supplemental_tables_0.zip
2025-10-30 00:28:57 - yearbook_downloader - INFO -   Downloaded: 2202_0405_plcy_tables8-11newadj_fy2021_d.xlsx
2025-10-30 00:28:58 - yearbook_downloader - INFO -   Downloaded: 2022_0920_plcy_refugees_and_asylees_fy2021_tables_0.zip
2025-10-30 00:28:59 - yearbook_downloader - INFO -   Downloaded: 2022_0624_plcy_naturalizations_fy2021_tables_1.zip
2025-10-30 00:29:01 - yearbook_downloader - INFO -   Downloaded: 2022_0624_plcy_naturalizations_fy2021_supplemental_tables_0.zip
2025-10-30 00:29:02 - yearbook_downloader - INFO -   Downloaded: 2022_0712_plcy_nonimmigrants_fy2021_tables_0.zip
2025-10-30 00:29:03 - yearbook_downloader - INFO -   Downloaded: 2022_0712_plcy_nonimmigrants_fy2021_supplemental_tables_0.zip
2025-10-30 00:29:05 - yearbook_downloader - INFO -   Downloaded: 2022_1114_plcy_2021_yrbk_enf_excel_final_0.zip
2025-10-30 00:29:05 - yearbook_downloader - INFO - Yearbook 2021: Downloaded 10, Skipped 0, Failed 0
2025-10-30 00:29:06 - yearbook_downloader - INFO - Processing Yearbook 2020
2025-10-30 00:29:07 - yearbook_downloader - INFO - Yearbook 2020: Found 10 file(s)
2025-10-30 00:29:08 - yearbook_downloader - INFO -   Downloaded: 2022_0308_plcy_yearbook_immigration_statistics_fy2020_v2_2.pdf
2025-10-30 00:29:10 - yearbook_downloader - INFO -   Downloaded: 21_0920_plcy_2020_yrbk_lpr_excel_final.zip
2025-10-30 00:29:11 - yearbook_downloader - INFO -   Downloaded: 21_0920_plcy_2020_yrbk_lpr_supplement.zip
2025-10-30 00:29:13 - yearbook_downloader - INFO -   Downloaded: 2021_0920_plcy_tables8-11newadj_fy2020_d.xlsx
2025-10-30 00:29:14 - yearbook_downloader - INFO -   Downloaded: 22_0308_plcy_2020_yrbk_rfa_excel_final_v2.zip
2025-10-30 00:29:15 - yearbook_downloader - INFO -   Downloaded: 21_1004_plcy_2020_yrbk_natz_excel_final_0.zip
2025-10-30 00:29:17 - yearbook_downloader - INFO -   Downloaded: 21_1004_plcy_2020_yrbk_natz_supplement_0.zip
2025-10-30 00:29:18 - yearbook_downloader - INFO -   Downloaded: 21_1004_plcy_2020_yrbk_ni_excel_final.zip
