2025-10-29 22:49:12 - yearbook_downloader - INFO - ======================================================================
2025-10-29 22:49:12 - yearbook_downloader - INFO - Immigration Yearbook File Downloader
2025-10-29 22:49:12 - yearbook_downloader - INFO - ======================================================================
2025-10-29 22:49:12 - yearbook_downloader - INFO - Start Year: Earliest (1996)
2025-10-29 22:49:12 - yearbook_downloader - INFO - End Year: 2024
2025-10-29 22:49:12 - yearbook_downloader - INFO - Output Folder: yearbook_downloads
2025-10-29 22:49:12 - yearbook_downloader - INFO - File Types: .xls, .xlsx, .pdf, .zip
2025-10-29 22:49:12 - yearbook_downloader - INFO - Max Retries: 3
2025-10-29 22:49:12 - yearbook_downloader - INFO - Request Delay: 1s
2025-10-29 22:49:12 - yearbook_downloader - INFO - ======================================================================
2025-10-29 22:49:12 - yearbook_downloader - INFO - Loaded manifest with 226 previously downloaded file(s)
2025-10-29 22:49:12 - yearbook_downloader - INFO - Fetching yearbook information from https://ohss.dhs.gov/topics/immigration/yearbook
2025-10-29 22:49:13 - yearbook_downloader - INFO - Found 26 yearbook(s) in range 1996-2024
2025-10-29 22:49:13 - yearbook_downloader - INFO - Found 26 yearbook(s) to process
2025-10-29 22:49:13 - yearbook_downloader - INFO - Processing Yearbook 2024
2025-10-29 22:49:14 - yearbook_downloader - INFO - Yearbook 2024: Found 1 file(s)
2025-10-29 22:49:15 - yearbook_downloader - INFO - Yearbook 2024: Downloaded 0, Skipped 1, Failed 0
2025-10-29 22:49:16 - yearbook_downloader - INFO - Processing Yearbook 2023
2025-10-29 22:49:17 - yearbook_downloader - INFO - Yearbook 2023: Found 6 file(s)
2025-10-29 22:49:18 - yearbook_downloader - INFO -   Downloaded: 2024_1108_ohss_yearbook_refugees_fy2023.xlsx
2025-10-29 22:49:18 - yearbook_downloader - INFO - Yearbook 2023: Downloaded 1, Skipped 5, Failed 0
2025-10-29 22:49:19 - yearbook_downloader - INFO - Processing Yearbook 2022
2025-10-29 22:49:21 - yearbook_downloader - INFO - Yearbook 2022: Found 7 file(s)
2025-10-29 22:49:21 - yearbook_downloader - INFO - Yearbook 2022: Downloaded 0, Skipped 7, Failed 0
2025-10-29 22:49:22 - yearbook_downloader - INFO - Processing Yearbook 2021
2025-10-29 22:49:23 - yearbook_downloader - INFO - Yearbook 2021: Found 10 file(s)
2025-10-29 22:49:23 - yearbook_downloader - INFO - Yearbook 2021: Downloaded 0, Skipped 10, Failed 0
2025-10-29 22:49:24 - yearbook_downloader - INFO - Processing Yearbook 2020
2025-10-29 22:49:25 - yearbook_downloader - INFO - Yearbook 2020: Found 10 file(s)
2025-10-29 22:49:25 - yearbook_downloader - INFO - Yearbook 2020: Downloaded 0, Skipped 10, Failed 0
2025-10-29 22:49:26 - yearbook_downloader - INFO - Processing Yearbook 2019
2025-10-29 22:49:28 - yearbook_downloader - INFO - Yearbook 2019: Found 10 file(s)
2025-10-29 22:49:28 - yearbook_downloader - INFO - Yearbook 2019: Downloaded 0, Skipped 10, Failed 0
2025-10-29 22:49:29 - yearbook_downloader - INFO - Processing Yearbook 2018
2025-10-29 22:49:30 - yearbook_downloader - INFO - Yearbook 2018: Found 10 file(s)
2025-10-29 22:49:30 - yearbook_downloader - INFO - Yearbook 2018: Downloaded 0, Skipped 10, Failed 0
2025-10-29 22:49:31 - yearbook_downloader - INFO - Processing Yearbook 2017
2025-10-29 22:49:32 - yearbook_downloader - INFO - Yearbook 2017: Found 10 file(s)
2025-10-29 22:49:33 - yearbook_downloader - INFO - Yearbook 2017: Downloaded 0, Skipped 10, Failed 0
2025-10-29 22:49:34 - yearbook_downloader - INFO - Processing Yearbook 2016
